# JRE version: OpenJDK Runtime Environment Temurin-21.0.8+9 (21.0.8+9) (build 21.0.8+9-LTS)
# Java VM: OpenJDK 64-Bit Server VM Temurin-21.0.8+9 (21.0.8+9-LTS, mixed mode, sharing, tiered, compressed oops, compressed class ptrs, parallel gc, windows-amd64)
GC Precious Log:
 CardTable entry size: 512
 CPUs: 4 total, 4 available
 Memory: 7888M
 Large Page Support: Disabled
 NUMA Support: Disabled
 Compressed Oops: Enabled (32-bit)
 Alignments: Space 512K, Generation 512K, Heap 2M
 Heap Min Capacity: 100M
 Heap Initial Capacity: 100M
 Heap Max Capacity: 2G
 Pre-touch: Disabled
 Parallel Workers: 4
Heap:
 PSYoungGen      total 4608K, used 4000K [0x00000000d5580000, 0x00000000d5d00000, 0x0000000100000000)
  eden space 4096K, 94% used [0x00000000d5580000,0x00000000d5948000,0x00000000d5980000)
  from space 512K, 25% used [0x00000000d5c80000,0x00000000d5ca0000,0x00000000d5d00000)
  to   space 512K, 0% used [0x00000000d5c00000,0x00000000d5c00000,0x00000000d5c80000)
 ParOldGen       total 532992K, used 532940K [0x0000000080000000, 0x00000000a0880000, 0x00000000d5580000)
  object space 532992K, 99% used [0x0000000080000000,0x00000000a08731d0,0x00000000a0880000)
 Metaspace       used 71628K, committed 73152K, reserved 1114112K
  class space    used 7536K, committed 8192K, reserved 1048576K
GC Heap History (20 events):
Event: 83.450 GC heap before
{Heap before GC invocations=344 (full 3):
 PSYoungGen      total 6144K, used 6080K [0x00000000d5580000, 0x00000000d6000000, 0x0000000100000000)
  eden space 4096K, 100% used [0x00000000d5580000,0x00000000d5980000,0x00000000d5980000)
  from space 2048K, 96% used [0x00000000d5e00000,0x00000000d5ff0000,0x00000000d6000000)
  to   space 3072K, 0% used [0x00000000d5a00000,0x00000000d5a00000,0x00000000d5d00000)
 ParOldGen       total 527872K, used 527373K [0x0000000080000000, 0x00000000a0380000, 0x00000000d5580000)
  object space 527872K, 99% used [0x0000000080000000,0x00000000a0303780,0x00000000a0380000)
 Metaspace       used 69342K, committed 70784K, reserved 1114112K
  class space    used 7303K, committed 7936K, reserved 1048576K
}
Event: 83.455 GC heap after
{Heap after GC invocations=344 (full 3):
 PSYoungGen      total 7168K, used 1017K [0x00000000d5580000, 0x00000000d5e80000, 0x0000000100000000)
  eden space 4096K, 0% used [0x00000000d5580000,0x00000000d5580000,0x00000000d5980000)
  from space 3072K, 33% used [0x00000000d5a00000,0x00000000d5afe698,0x00000000d5d00000)
  to   space 1536K, 0% used [0x00000000d5d00000,0x00000000d5d00000,0x00000000d5e80000)
 ParOldGen       total 529408K, used 529301K [0x0000000080000000, 0x00000000a0500000, 0x00000000d5580000)
  object space 529408K, 99% used [0x0000000080000000,0x00000000a04e5780,0x00000000a0500000)
 Metaspace       used 69342K, committed 70784K, reserved 1114112K
  class space    used 7303K, committed 7936K, reserved 1048576K
}
Event: 83.776 GC heap before
{Heap before GC invocations=345 (full 3):
 PSYoungGen      total 7168K, used 5113K [0x00000000d5580000, 0x00000000d5e80000, 0x0000000100000000)
  eden space 4096K, 100% used [0x00000000d5580000,0x00000000d5980000,0x00000000d5980000)
  from space 3072K, 33% used [0x00000000d5a00000,0x00000000d5afe698,0x00000000d5d00000)
  to   space 1536K, 0% used [0x00000000d5d00000,0x00000000d5d00000,0x00000000d5e80000)
 ParOldGen       total 529408K, used 529301K [0x0000000080000000, 0x00000000a0500000, 0x00000000d5580000)
  object space 529408K, 99% used [0x0000000080000000,0x00000000a04e5780,0x00000000a0500000)
 Metaspace       used 69496K, committed 70976K, reserved 1114112K
  class space    used 7303K, committed 7936K, reserved 1048576K
}
Event: 83.782 GC heap after
{Heap after GC invocations=345 (full 3):
 PSYoungGen      total 5632K, used 1216K [0x00000000d5580000, 0x00000000d5e80000, 0x0000000100000000)
  eden space 4096K, 0% used [0x00000000d5580000,0x00000000d5580000,0x00000000d5980000)
  from space 1536K, 79% used [0x00000000d5d00000,0x00000000d5e30000,0x00000000d5e80000)
  to   space 1536K, 0% used [0x00000000d5b80000,0x00000000d5b80000,0x00000000d5d00000)
 ParOldGen       total 530432K, used 530238K [0x0000000080000000, 0x00000000a0600000, 0x00000000d5580000)
  object space 530432K, 99% used [0x0000000080000000,0x00000000a05cf868,0x00000000a0600000)
 Metaspace       used 69496K, committed 70976K, reserved 1114112K
  class space    used 7303K, committed 7936K, reserved 1048576K
}
Event: 83.942 GC heap before
{Heap before GC invocations=346 (full 3):
 PSYoungGen      total 5632K, used 5270K [0x00000000d5580000, 0x00000000d5e80000, 0x0000000100000000)
  eden space 4096K, 98% used [0x00000000d5580000,0x00000000d5975998,0x00000000d5980000)
  from space 1536K, 79% used [0x00000000d5d00000,0x00000000d5e30000,0x00000000d5e80000)
  to   space 1536K, 0% used [0x00000000d5b80000,0x00000000d5b80000,0x00000000d5d00000)
 ParOldGen       total 530432K, used 530238K [0x0000000080000000, 0x00000000a0600000, 0x00000000d5580000)
  object space 530432K, 99% used [0x0000000080000000,0x00000000a05cf868,0x00000000a0600000)
 Metaspace       used 69958K, committed 71360K, reserved 1114112K
  class space    used 7342K, committed 7936K, reserved 1048576K
}
Event: 83.952 GC heap after
{Heap after GC invocations=346 (full 3):
 PSYoungGen      total 5120K, used 636K [0x00000000d5580000, 0x00000000d5d80000, 0x0000000100000000)
  eden space 4096K, 0% used [0x00000000d5580000,0x00000000d5580000,0x00000000d5980000)
  from space 1024K, 62% used [0x00000000d5b80000,0x00000000d5c1f1d0,0x00000000d5c80000)
  to   space 1024K, 0% used [0x00000000d5c80000,0x00000000d5c80000,0x00000000d5d80000)
 ParOldGen       total 531456K, used 531420K [0x0000000080000000, 0x00000000a0700000, 0x00000000d5580000)
  object space 531456K, 99% used [0x0000000080000000,0x00000000a06f70f8,0x00000000a0700000)
 Metaspace       used 69958K, committed 71360K, reserved 1114112K
  class space    used 7342K, committed 7936K, reserved 1048576K
}
Event: 84.116 GC heap before
{Heap before GC invocations=347 (full 3):
 PSYoungGen      total 5120K, used 4732K [0x00000000d5580000, 0x00000000d5d80000, 0x0000000100000000)
  eden space 4096K, 100% used [0x00000000d5580000,0x00000000d5980000,0x00000000d5980000)
  from space 1024K, 62% used [0x00000000d5b80000,0x00000000d5c1f1d0,0x00000000d5c80000)
  to   space 1024K, 0% used [0x00000000d5c80000,0x00000000d5c80000,0x00000000d5d80000)
 ParOldGen       total 531456K, used 531420K [0x0000000080000000, 0x00000000a0700000, 0x00000000d5580000)
  object space 531456K, 99% used [0x0000000080000000,0x00000000a06f70f8,0x00000000a0700000)
 Metaspace       used 70170K, committed 71616K, reserved 1114112K
  class space    used 7374K, committed 8000K, reserved 1048576K
}
Event: 84.120 GC heap after
{Heap after GC invocations=347 (full 3):
 PSYoungGen      total 4608K, used 292K [0x00000000d5580000, 0x00000000d5d00000, 0x0000000100000000)
  eden space 4096K, 0% used [0x00000000d5580000,0x00000000d5580000,0x00000000d5980000)
  from space 512K, 57% used [0x00000000d5c80000,0x00000000d5cc91c0,0x00000000d5d00000)
  to   space 512K, 0% used [0x00000000d5c00000,0x00000000d5c00000,0x00000000d5c80000)
 ParOldGen       total 531968K, used 531852K [0x0000000080000000, 0x00000000a0780000, 0x00000000d5580000)
  object space 531968K, 99% used [0x0000000080000000,0x00000000a0763108,0x00000000a0780000)
 Metaspace       used 70170K, committed 71616K, reserved 1114112K
  class space    used 7374K, committed 8000K, reserved 1048576K
}
Event: 84.191 GC heap before
{Heap before GC invocations=348 (full 3):
 PSYoungGen      total 4608K, used 4388K [0x00000000d5580000, 0x00000000d5d00000, 0x0000000100000000)
  eden space 4096K, 100% used [0x00000000d5580000,0x00000000d5980000,0x00000000d5980000)
  from space 512K, 57% used [0x00000000d5c80000,0x00000000d5cc91c0,0x00000000d5d00000)
  to   space 512K, 0% used [0x00000000d5c00000,0x00000000d5c00000,0x00000000d5c80000)
 ParOldGen       total 531968K, used 531852K [0x0000000080000000, 0x00000000a0780000, 0x00000000d5580000)
  object space 531968K, 99% used [0x0000000080000000,0x00000000a0763108,0x00000000a0780000)
 Metaspace       used 70202K, committed 71680K, reserved 1114112K
  class space    used 7375K, committed 8000K, reserved 1048576K
}
Event: 84.198 GC heap after
{Heap after GC invocations=348 (full 3):
 PSYoungGen      total 4608K, used 494K [0x00000000d5580000, 0x00000000d5d00000, 0x0000000100000000)
  eden space 4096K, 0% used [0x00000000d5580000,0x00000000d5580000,0x00000000d5980000)
  from space 512K, 96% used [0x00000000d5c00000,0x00000000d5c7bbd8,0x00000000d5c80000)
  to   space 512K, 0% used [0x00000000d5c80000,0x00000000d5c80000,0x00000000d5d00000)
 ParOldGen       total 532480K, used 532446K [0x0000000080000000, 0x00000000a0800000, 0x00000000d5580000)
  object space 532480K, 99% used [0x0000000080000000,0x00000000a07f7b58,0x00000000a0800000)
 Metaspace       used 70202K, committed 71680K, reserved 1114112K
  class space    used 7375K, committed 8000K, reserved 1048576K
}
Event: 84.402 GC heap before
{Heap before GC invocations=349 (full 3):
 PSYoungGen      total 4608K, used 4590K [0x00000000d5580000, 0x00000000d5d00000, 0x0000000100000000)
  eden space 4096K, 100% used [0x00000000d5580000,0x00000000d5980000,0x00000000d5980000)
  from space 512K, 96% used [0x00000000d5c00000,0x00000000d5c7bbd8,0x00000000d5c80000)
  to   space 512K, 0% used [0x00000000d5c80000,0x00000000d5c80000,0x00000000d5d00000)
 ParOldGen       total 532480K, used 532446K [0x0000000080000000, 0x00000000a0800000, 0x00000000d5580000)
  object space 532480K, 99% used [0x0000000080000000,0x00000000a07f7b58,0x00000000a0800000)
 Metaspace       used 70693K, committed 72192K, reserved 1114112K
  class space    used 7421K, committed 8064K, reserved 1048576K
}
Event: 84.409 GC heap after
{Heap after GC invocations=349 (full 3):
 PSYoungGen      total 4608K, used 297K [0x00000000d5580000, 0x00000000d5d00000, 0x0000000100000000)
  eden space 4096K, 0% used [0x00000000d5580000,0x00000000d5580000,0x00000000d5980000)
  from space 512K, 58% used [0x00000000d5c80000,0x00000000d5cca668,0x00000000d5d00000)
  to   space 1024K, 0% used [0x00000000d5b00000,0x00000000d5b00000,0x00000000d5c00000)
 ParOldGen       total 532992K, used 532494K [0x0000000080000000, 0x00000000a0880000, 0x00000000d5580000)
  object space 532992K, 99% used [0x0000000080000000,0x00000000a0803b58,0x00000000a0880000)
 Metaspace       used 70693K, committed 72192K, reserved 1114112K
  class space    used 7421K, committed 8064K, reserved 1048576K
}
Event: 84.789 GC heap before
{Heap before GC invocations=350 (full 3):
 PSYoungGen      total 4608K, used 4393K [0x00000000d5580000, 0x00000000d5d00000, 0x0000000100000000)
  eden space 4096K, 100% used [0x00000000d5580000,0x00000000d5980000,0x00000000d5980000)
  from space 512K, 58% used [0x00000000d5c80000,0x00000000d5cca668,0x00000000d5d00000)
  to   space 1024K, 0% used [0x00000000d5b00000,0x00000000d5b00000,0x00000000d5c00000)
 ParOldGen       total 532992K, used 532494K [0x0000000080000000, 0x00000000a0880000, 0x00000000d5580000)
  object space 532992K, 99% used [0x0000000080000000,0x00000000a0803b58,0x00000000a0880000)
 Metaspace       used 71232K, committed 72704K, reserved 1114112K
  class space    used 7515K, committed 8192K, reserved 1048576K
}
Event: 84.848 GC heap after
{Heap after GC invocations=350 (full 3):
 PSYoungGen      total 5120K, used 352K [0x00000000d5580000, 0x00000000d5d00000, 0x0000000100000000)
  eden space 4096K, 0% used [0x00000000d5580000,0x00000000d5580000,0x00000000d5980000)
  from space 1024K, 34% used [0x00000000d5b00000,0x00000000d5b58000,0x00000000d5c00000)
  to   space 512K, 0% used [0x00000000d5c80000,0x00000000d5c80000,0x00000000d5d00000)
 ParOldGen       total 532992K, used 532684K [0x0000000080000000, 0x00000000a0880000, 0x00000000d5580000)
  object space 532992K, 99% used [0x0000000080000000,0x00000000a08331d0,0x00000000a0880000)
 Metaspace       used 71232K, committed 72704K, reserved 1114112K
  class space    used 7515K, committed 8192K, reserved 1048576K
}
Event: 84.950 GC heap before
{Heap before GC invocations=351 (full 3):
 PSYoungGen      total 5120K, used 4448K [0x00000000d5580000, 0x00000000d5d00000, 0x0000000100000000)
  eden space 4096K, 100% used [0x00000000d5580000,0x00000000d5980000,0x00000000d5980000)
  from space 1024K, 34% used [0x00000000d5b00000,0x00000000d5b58000,0x00000000d5c00000)
  to   space 512K, 0% used [0x00000000d5c80000,0x00000000d5c80000,0x00000000d5d00000)
 ParOldGen       total 532992K, used 532684K [0x0000000080000000, 0x00000000a0880000, 0x00000000d5580000)
  object space 532992K, 99% used [0x0000000080000000,0x00000000a08331d0,0x00000000a0880000)
 Metaspace       used 71282K, committed 72768K, reserved 1114112K
  class space    used 7517K, committed 8192K, reserved 1048576K
}
Event: 84.954 GC heap after
{Heap after GC invocations=351 (full 3):
 PSYoungGen      total 4608K, used 128K [0x00000000d5580000, 0x00000000d5d00000, 0x0000000100000000)
  eden space 4096K, 0% used [0x00000000d5580000,0x00000000d5580000,0x00000000d5980000)
  from space 512K, 25% used [0x00000000d5c80000,0x00000000d5ca0000,0x00000000d5d00000)
  to   space 512K, 0% used [0x00000000d5c00000,0x00000000d5c00000,0x00000000d5c80000)
 ParOldGen       total 532992K, used 532884K [0x0000000080000000, 0x00000000a0880000, 0x00000000d5580000)
  object space 532992K, 99% used [0x0000000080000000,0x00000000a08651d0,0x00000000a0880000)
 Metaspace       used 71282K, committed 72768K, reserved 1114112K
  class space    used 7517K, committed 8192K, reserved 1048576K
}
Event: 85.072 GC heap before
{Heap before GC invocations=352 (full 3):
 PSYoungGen      total 4608K, used 4223K [0x00000000d5580000, 0x00000000d5d00000, 0x0000000100000000)
  eden space 4096K, 99% used [0x00000000d5580000,0x00000000d597ffc0,0x00000000d5980000)
  from space 512K, 25% used [0x00000000d5c80000,0x00000000d5ca0000,0x00000000d5d00000)
  to   space 512K, 0% used [0x00000000d5c00000,0x00000000d5c00000,0x00000000d5c80000)
 ParOldGen       total 532992K, used 532884K [0x0000000080000000, 0x00000000a0880000, 0x00000000d5580000)
  object space 532992K, 99% used [0x0000000080000000,0x00000000a08651d0,0x00000000a0880000)
 Metaspace       used 71300K, committed 72768K, reserved 1114112K
  class space    used 7517K, committed 8192K, reserved 1048576K
}
Event: 85.076 GC heap after
{Heap after GC invocations=352 (full 3):
 PSYoungGen      total 4608K, used 128K [0x00000000d5580000, 0x00000000d5d00000, 0x0000000100000000)
  eden space 4096K, 0% used [0x00000000d5580000,0x00000000d5580000,0x00000000d5980000)
  from space 512K, 25% used [0x00000000d5c00000,0x00000000d5c20000,0x00000000d5c80000)
  to   space 512K, 0% used [0x00000000d5c80000,0x00000000d5c80000,0x00000000d5d00000)
 ParOldGen       total 532992K, used 532916K [0x0000000080000000, 0x00000000a0880000, 0x00000000d5580000)
  object space 532992K, 99% used [0x0000000080000000,0x00000000a086d1d0,0x00000000a0880000)
 Metaspace       used 71300K, committed 72768K, reserved 1114112K
  class space    used 7517K, committed 8192K, reserved 1048576K
}
Event: 85.183 GC heap before
{Heap before GC invocations=353 (full 3):
 PSYoungGen      total 4608K, used 4224K [0x00000000d5580000, 0x00000000d5d00000, 0x0000000100000000)
  eden space 4096K, 100% used [0x00000000d5580000,0x00000000d5980000,0x00000000d5980000)
  from space 512K, 25% used [0x00000000d5c00000,0x00000000d5c20000,0x00000000d5c80000)
  to   space 512K, 0% used [0x00000000d5c80000,0x00000000d5c80000,0x00000000d5d00000)
 ParOldGen       total 532992K, used 532916K [0x0000000080000000, 0x00000000a0880000, 0x00000000d5580000)
  object space 532992K, 99% used [0x0000000080000000,0x00000000a086d1d0,0x00000000a0880000)
 Metaspace       used 71415K, committed 72896K, reserved 1114112K
  class space    used 7517K, committed 8192K, reserved 1048576K
}
Event: 85.188 GC heap after
{Heap after GC invocations=353 (full 3):
 PSYoungGen      total 4608K, used 128K [0x00000000d5580000, 0x00000000d5d00000, 0x0000000100000000)
  eden space 4096K, 0% used [0x00000000d5580000,0x00000000d5580000,0x00000000d5980000)
  from space 512K, 25% used [0x00000000d5c80000,0x00000000d5ca0000,0x00000000d5d00000)
  to   space 512K, 0% used [0x00000000d5c00000,0x00000000d5c00000,0x00000000d5c80000)
 ParOldGen       total 532992K, used 532940K [0x0000000080000000, 0x00000000a0880000, 0x00000000d5580000)
  object space 532992K, 99% used [0x0000000080000000,0x00000000a08731d0,0x00000000a0880000)
 Metaspace       used 71415K, committed 72896K, reserved 1114112K
  class space    used 7517K, committed 8192K, reserved 1048576K
}

